SF:lib\model\post_model.dart
DA:8,0
DA:14,1
DA:15,1
DA:16,1
DA:17,1
DA:18,1
DA:20,0
DA:21,0
DA:22,0
DA:23,0
DA:24,0
LF:11
LH:5
end_of_record
SF:lib\services\http_service.dart
DA:11,3
DA:21,1
DA:22,1
DA:23,2
DA:24,2
DA:25,2
DA:26,1
DA:31,0
DA:32,0
DA:33,0
DA:34,0
DA:35,0
DA:36,0
DA:41,0
DA:42,0
DA:43,0
DA:44,0
DA:45,0
DA:46,0
DA:51,0
DA:52,0
DA:53,0
DA:54,0
DA:55,0
DA:56,0
DA:63,1
DA:64,1
DA:68,0
DA:69,0
DA:70,0
DA:71,0
DA:72,0
DA:73,0
DA:78,0
DA:79,0
DA:80,0
DA:81,0
DA:82,0
DA:83,0
DA:84,0
DA:90,1
DA:91,1
DA:92,4
LF:43
LH:12
end_of_record
SF:lib\services\log_service.dart
DA:4,3
DA:5,1
DA:6,1
DA:9,0
DA:10,0
DA:13,1
DA:14,2
DA:17,0
DA:18,0
DA:21,0
DA:22,0
LF:11
LH:5
end_of_record
